Determining if the pthread_create exist failed with the following output:
Change Dir: /home/chan0239/catkin_ws/build/CMakeFiles/CMakeTmp

Run Build Command:"/usr/bin/make" "cmTC_9005f/fast"
/usr/bin/make -f CMakeFiles/cmTC_9005f.dir/build.make CMakeFiles/cmTC_9005f.dir/build
make[1]: Entering directory '/home/chan0239/catkin_ws/build/CMakeFiles/CMakeTmp'
Building C object CMakeFiles/cmTC_9005f.dir/CheckSymbolExists.c.o
/usr/bin/cc    -o CMakeFiles/cmTC_9005f.dir/CheckSymbolExists.c.o   -c /home/chan0239/catkin_ws/build/CMakeFiles/CMakeTmp/CheckSymbolExists.c
Linking C executable cmTC_9005f
/usr/bin/cmake -E cmake_link_script CMakeFiles/cmTC_9005f.dir/link.txt --verbose=1
/usr/bin/cc      -rdynamic CMakeFiles/cmTC_9005f.dir/CheckSymbolExists.c.o  -o cmTC_9005f 
CMakeFiles/cmTC_9005f.dir/CheckSymbolExists.c.o: In function `main':
CheckSymbolExists.c:(.text+0x1b): undefined reference to `pthread_create'
collect2: error: ld returned 1 exit status
CMakeFiles/cmTC_9005f.dir/build.make:97: recipe for target 'cmTC_9005f' failed
make[1]: *** [cmTC_9005f] Error 1
make[1]: Leaving directory '/home/chan0239/catkin_ws/build/CMakeFiles/CMakeTmp'
Makefile:126: recipe for target 'cmTC_9005f/fast' failed
make: *** [cmTC_9005f/fast] Error 2

File /home/chan0239/catkin_ws/build/CMakeFiles/CMakeTmp/CheckSymbolExists.c:
/* */
#include <pthread.h>

int main(int argc, char** argv)
{
  (void)argv;
#ifndef pthread_create
  return ((int*)(&pthread_create))[argc];
#else
  (void)argc;
  return 0;
#endif
}

Determining if the function pthread_create exists in the pthreads failed with the following output:
Change Dir: /home/chan0239/catkin_ws/build/CMakeFiles/CMakeTmp

Run Build Command:"/usr/bin/make" "cmTC_1b1a2/fast"
/usr/bin/make -f CMakeFiles/cmTC_1b1a2.dir/build.make CMakeFiles/cmTC_1b1a2.dir/build
make[1]: Entering directory '/home/chan0239/catkin_ws/build/CMakeFiles/CMakeTmp'
Building C object CMakeFiles/cmTC_1b1a2.dir/CheckFunctionExists.c.o
/usr/bin/cc   -DCHECK_FUNCTION_EXISTS=pthread_create   -o CMakeFiles/cmTC_1b1a2.dir/CheckFunctionExists.c.o   -c /usr/share/cmake-3.10/Modules/CheckFunctionExists.c
Linking C executable cmTC_1b1a2
/usr/bin/cmake -E cmake_link_script CMakeFiles/cmTC_1b1a2.dir/link.txt --verbose=1
/usr/bin/cc  -DCHECK_FUNCTION_EXISTS=pthread_create    -rdynamic CMakeFiles/cmTC_1b1a2.dir/CheckFunctionExists.c.o  -o cmTC_1b1a2 -lpthreads 
/usr/bin/ld: cannot find -lpthreads
collect2: error: ld returned 1 exit status
CMakeFiles/cmTC_1b1a2.dir/build.make:97: recipe for target 'cmTC_1b1a2' failed
make[1]: *** [cmTC_1b1a2] Error 1
make[1]: Leaving directory '/home/chan0239/catkin_ws/build/CMakeFiles/CMakeTmp'
Makefile:126: recipe for target 'cmTC_1b1a2/fast' failed
make: *** [cmTC_1b1a2/fast] Error 2


Determining if the pthread_create exist failed with the following output:
Change Dir: /home/chan0239/catkin_ws/build/CMakeFiles/CMakeTmp

Run Build Command:"/usr/bin/make" "cmTC_8980d/fast"
/usr/bin/make -f CMakeFiles/cmTC_8980d.dir/build.make CMakeFiles/cmTC_8980d.dir/build
make[1]: Entering directory '/home/chan0239/catkin_ws/build/CMakeFiles/CMakeTmp'
Building C object CMakeFiles/cmTC_8980d.dir/CheckSymbolExists.c.o
/usr/bin/cc    -o CMakeFiles/cmTC_8980d.dir/CheckSymbolExists.c.o   -c /home/chan0239/catkin_ws/build/CMakeFiles/CMakeTmp/CheckSymbolExists.c
Linking C executable cmTC_8980d
/usr/bin/cmake -E cmake_link_script CMakeFiles/cmTC_8980d.dir/link.txt --verbose=1
/usr/bin/cc      -rdynamic CMakeFiles/cmTC_8980d.dir/CheckSymbolExists.c.o  -o cmTC_8980d 
CMakeFiles/cmTC_8980d.dir/CheckSymbolExists.c.o: In function `main':
CheckSymbolExists.c:(.text+0x1b): undefined reference to `pthread_create'
collect2: error: ld returned 1 exit status
CMakeFiles/cmTC_8980d.dir/build.make:97: recipe for target 'cmTC_8980d' failed
make[1]: *** [cmTC_8980d] Error 1
make[1]: Leaving directory '/home/chan0239/catkin_ws/build/CMakeFiles/CMakeTmp'
Makefile:126: recipe for target 'cmTC_8980d/fast' failed
make: *** [cmTC_8980d/fast] Error 2

File /home/chan0239/catkin_ws/build/CMakeFiles/CMakeTmp/CheckSymbolExists.c:
/* */
#include <pthread.h>

int main(int argc, char** argv)
{
  (void)argv;
#ifndef pthread_create
  return ((int*)(&pthread_create))[argc];
#else
  (void)argc;
  return 0;
#endif
}

Determining if the function pthread_create exists in the pthreads failed with the following output:
Change Dir: /home/chan0239/catkin_ws/build/CMakeFiles/CMakeTmp

Run Build Command:"/usr/bin/make" "cmTC_d9647/fast"
/usr/bin/make -f CMakeFiles/cmTC_d9647.dir/build.make CMakeFiles/cmTC_d9647.dir/build
make[1]: Entering directory '/home/chan0239/catkin_ws/build/CMakeFiles/CMakeTmp'
Building C object CMakeFiles/cmTC_d9647.dir/CheckFunctionExists.c.o
/usr/bin/cc   -DCHECK_FUNCTION_EXISTS=pthread_create   -o CMakeFiles/cmTC_d9647.dir/CheckFunctionExists.c.o   -c /usr/share/cmake-3.10/Modules/CheckFunctionExists.c
Linking C executable cmTC_d9647
/usr/bin/cmake -E cmake_link_script CMakeFiles/cmTC_d9647.dir/link.txt --verbose=1
/usr/bin/cc  -DCHECK_FUNCTION_EXISTS=pthread_create    -rdynamic CMakeFiles/cmTC_d9647.dir/CheckFunctionExists.c.o  -o cmTC_d9647 -lpthreads 
/usr/bin/ld: cannot find -lpthreads
collect2: error: ld returned 1 exit status
CMakeFiles/cmTC_d9647.dir/build.make:97: recipe for target 'cmTC_d9647' failed
make[1]: *** [cmTC_d9647] Error 1
make[1]: Leaving directory '/home/chan0239/catkin_ws/build/CMakeFiles/CMakeTmp'
Makefile:126: recipe for target 'cmTC_d9647/fast' failed
make: *** [cmTC_d9647/fast] Error 2


